18:42:18 **** Rebuild of configuration Debug for project Swerve-1.5 ****
Info: Internal Builder is used for build
arm-frc-linux-gnueabi-g++ -std=c++1y "-IC:\\Users\\mattp/wpilib/cpp/current/include" "-IC:\\Users\\mattp\\Desktop\\Team537\\Swerve-1.5\\src" -O0 -g3 -Wall -c -fmessage-length=0 -o "src\\Robot.o" "..\\src\\Robot.cpp" 
arm-frc-linux-gnueabi-g++ "-LC:\\Users\\mattp/wpilib/cpp/current/lib" -Wl,-rpath,/opt/GenICam_v2_3/bin/Linux_armv7-a -o FRCUserProgram "src\\Robot.o" -lwpi 
c:/frc/bin/../lib/gcc/arm-frc-linux-gnueabi/4.9.1/../../../../arm-frc-linux-gnueabi/bin/ld.exe: warning: libstdc++.so.6, needed by C:\Users\mattp/wpilib/cpp/current/lib\libFRC_NetworkCommunication.so.1.5.0, not found (try using -rpath or -rpath-link)
18:42:32 **** Rebuild of configuration Debug for project Swerve-2.0 ****
Info: Internal Builder is used for build
arm-frc-linux-gnueabi-g++ -std=c++1y "-IC:\\Users\\mattp/wpilib/cpp/current/include" "-IC:\\Users\\mattp\\Desktop\\Team537\\Swerve-2.0\\src" -O0 -g3 -Wall -c -fmessage-length=0 -o "src\\Robot.o" "..\\src\\Robot.cpp" 
arm-frc-linux-gnueabi-g++ "-LC:\\Users\\mattp/wpilib/cpp/current/lib" -Wl,-rpath,/opt/GenICam_v2_3/bin/Linux_armv7-a -o FRCUserProgram "src\\Robot.o" -lwpi 
c:/frc/bin/../lib/gcc/arm-frc-linux-gnueabi/4.9.1/../../../../arm-frc-linux-gnueabi/bin/ld.exe: warning: libstdc++.so.6, needed by C:\Users\mattp/wpilib/cpp/current/lib\libFRC_NetworkCommunication.so.1.5.0, not found (try using -rpath or -rpath-link)
18:43:47 **** Rebuild of configuration Debug for project Swerve-2.0 ****
Info: Internal Builder is used for build
arm-frc-linux-gnueabi-g++ -std=c++1y "-IC:\\Users\\mattp/wpilib/cpp/current/include" "-IC:\\Users\\mattp\\Desktop\\Team537\\Swerve-2.0\\Swerve-2.0\\src" -O0 -g3 -Wall -c -fmessage-length=0 -o "src\\Robot.o" "..\\src\\Robot.cpp" 
arm-frc-linux-gnueabi-g++ "-LC:\\Users\\mattp/wpilib/cpp/current/lib" -Wl,-rpath,/opt/GenICam_v2_3/bin/Linux_armv7-a -o FRCUserProgram "src\\Robot.o" -lwpi 
c:/frc/bin/../lib/gcc/arm-frc-linux-gnueabi/4.9.1/../../../../arm-frc-linux-gnueabi/bin/ld.exe: warning: libstdc++.so.6, needed by C:\Users\mattp/wpilib/cpp/current/lib\libFRC_NetworkCommunication.so.1.5.0, not found (try using -rpath or -rpath-link)
18:44:09 **** Rebuild of configuration Debug for project Swerve-1.5 ****
Info: Internal Builder is used for build
arm-frc-linux-gnueabi-g++ -std=c++1y "-IC:\\Users\\mattp/wpilib/cpp/current/include" "-IC:\\Users\\mattp\\Desktop\\Team537\\Swerve-2.0\\Swerve-1.5\\src" -O0 -g3 -Wall -c -fmessage-length=0 -o "src\\Robot.o" "..\\src\\Robot.cpp" 
arm-frc-linux-gnueabi-g++ "-LC:\\Users\\mattp/wpilib/cpp/current/lib" -Wl,-rpath,/opt/GenICam_v2_3/bin/Linux_armv7-a -o FRCUserProgram "src\\Robot.o" -lwpi 
c:/frc/bin/../lib/gcc/arm-frc-linux-gnueabi/4.9.1/../../../../arm-frc-linux-gnueabi/bin/ld.exe: warning: libstdc++.so.6, needed by C:\Users\mattp/wpilib/cpp/current/lib\libFRC_NetworkCommunication.so.1.5.0, not found (try using -rpath or -rpath-link)
19:08:22 **** Rebuild of configuration Debug for project Swerve-1.5 ****
Info: Internal Builder is used for build
arm-frc-linux-gnueabi-g++ -std=c++1y "-IC:\\Users\\mattp/wpilib/cpp/current/include" "-IC:\\Users\\mattp\\Desktop\\Team537\\Swerve-2.0\\Swerve-1.5\\src" -O0 -g3 -Wall -c -fmessage-length=0 -o "src\\Swerve\\DoublePot.o" "..\\src\\Swerve\\DoublePot.cpp" 
arm-frc-linux-gnueabi-g++ -std=c++1y "-IC:\\Users\\mattp/wpilib/cpp/current/include" "-IC:\\Users\\mattp\\Desktop\\Team537\\Swerve-2.0\\Swerve-1.5\\src" -O0 -g3 -Wall -c -fmessage-length=0 -o "src\\Robot.o" "..\\src\\Robot.cpp" 
arm-frc-linux-gnueabi-g++ -std=c++1y "-IC:\\Users\\mattp/wpilib/cpp/current/include" "-IC:\\Users\\mattp\\Desktop\\Team537\\Swerve-2.0\\Swerve-1.5\\src" -O0 -g3 -Wall -c -fmessage-length=0 -o "src\\Swerve\\Swerve.o" "..\\src\\Swerve\\Swerve.cpp" 
arm-frc-linux-gnueabi-g++ -std=c++1y "-IC:\\Users\\mattp/wpilib/cpp/current/include" "-IC:\\Users\\mattp\\Desktop\\Team537\\Swerve-2.0\\Swerve-1.5\\src" -O0 -g3 -Wall -c -fmessage-length=0 -o "src\\Swerve\\SwerveModule.o" "..\\src\\Swerve\\SwerveModule.cpp" 
arm-frc-linux-gnueabi-g++ "-LC:\\Users\\mattp/wpilib/cpp/current/lib" -Wl,-rpath,/opt/GenICam_v2_3/bin/Linux_armv7-a -o FRCUserProgram "src\\Robot.o" "src\\Swerve\\DoublePot.o" "src\\Swerve\\Swerve.o" "src\\Swerve\\SwerveModule.o" -lwpi 
c:/frc/bin/../lib/gcc/arm-frc-linux-gnueabi/4.9.1/../../../../arm-frc-linux-gnueabi/bin/ld.exe: warning: libstdc++.so.6, needed by C:\Users\mattp/wpilib/cpp/current/lib\libFRC_NetworkCommunication.so.1.5.0, not found (try using -rpath or -rpath-link)
19:08:27 **** Rebuild of configuration Debug for project Swerve-2.0 ****
Info: Internal Builder is used for build
arm-frc-linux-gnueabi-g++ -std=c++1y "-IC:\\Users\\mattp/wpilib/cpp/current/include" "-IC:\\Users\\mattp\\Desktop\\Team537\\Swerve-2.0\\Swerve-2.0\\src" -O0 -g3 -Wall -c -fmessage-length=0 -o "src\\Swerve\\SwerveDrive.o" "..\\src\\Swerve\\SwerveDrive.cpp" 
arm-frc-linux-gnueabi-g++ -std=c++1y "-IC:\\Users\\mattp/wpilib/cpp/current/include" "-IC:\\Users\\mattp\\Desktop\\Team537\\Swerve-2.0\\Swerve-2.0\\src" -O0 -g3 -Wall -c -fmessage-length=0 -o "src\\Robot.o" "..\\src\\Robot.cpp" 
arm-frc-linux-gnueabi-g++ "-LC:\\Users\\mattp/wpilib/cpp/current/lib" -Wl,-rpath,/opt/GenICam_v2_3/bin/Linux_armv7-a -o FRCUserProgram "src\\Robot.o" "src\\Swerve\\SwerveDrive.o" -lwpi 
c:/frc/bin/../lib/gcc/arm-frc-linux-gnueabi/4.9.1/../../../../arm-frc-linux-gnueabi/bin/ld.exe: warning: libstdc++.so.6, needed by C:\Users\mattp/wpilib/cpp/current/lib\libFRC_NetworkCommunication.so.1.5.0, not found (try using -rpath or -rpath-link)
